2022-12-25 23:27:37 ERROR Route : [Route{id=1, startStation=Station{id=1, name='1'}, finalStation=Station{id=2, name='2'}, departureTime=02:00:00, arrivalTime=02:00:00, train=Train{number=101, seats=10, schedules=null}}] was not inserted. An exception occurs : null
2022-12-25 23:27:37 ERROR Route with ID : [1] was not removed. An exception occurs : null
2022-12-25 23:27:37 ERROR Route with ID : [100] was not found. An exception occurs : null
2022-12-25 23:27:37 ERROR Route with ID : [1] was not updated. An exception occurs : null
2022-12-25 23:27:37 ERROR [StationService] Can't operate null input!
2022-12-25 23:27:37 ERROR [StationService] Can't operate null input!
2022-12-25 23:27:37 ERROR [StationService] An exception occurs while receiving Station. (id: 1). Exc: null
2022-12-25 23:27:37 ERROR [StationService] SQLException while saving Station (id: 1). Exc: null
2022-12-25 23:27:37 ERROR [RouteService] Can't create RouteService with null input RouteDAO
2022-12-25 23:27:37 ERROR [StationService] An exception occurs while deleting Station. (id: 1). Exc: null
2022-12-25 23:27:37 ERROR [StationService] Can't operate null input!
2022-12-25 23:27:37 ERROR [StationService] Can't operate null input!
2022-12-25 23:27:37 ERROR [StationService] Can't operate null input!
2022-12-25 23:27:37 ERROR [StationService] Can't operate null input!
2022-12-25 23:27:37 ERROR [StationService] An exception occurs while updating Schedule. (id: 1). Exc: null
2022-12-25 23:27:37 ERROR [RouteService] Can't operate null input!
2022-12-25 23:27:37 ERROR [RouteService] Can't operate null input!
2022-12-25 23:27:37 ERROR [RouteService] An exception occurs while receiving Route. (id: 1). Exc: null
2022-12-25 23:27:37 ERROR [RouteService] SQLException while saving Route (id: 1). Exc: null
2022-12-25 23:27:37 ERROR [RouteService] Can't create RouteService with null input RouteDAO
2022-12-25 23:27:37 ERROR [RouteService] An exception occurs while deleting Route. (id: 1). Exc: null
2022-12-25 23:27:37 ERROR [RouteService] Can't operate null input!
2022-12-25 23:27:37 ERROR [RouteService] Can't operate null input!
2022-12-25 23:27:37 ERROR [RouteService] Can't operate null input!
2022-12-25 23:27:37 ERROR [RouteService] Can't operate null input!
2022-12-25 23:27:37 ERROR [RouteService] An exception occurs while updating Route. (id: 1). Exc: null
