2023-01-03 01:02:58 ERROR Route : [Route{id=1, startStation=Station{id=1, name='StartingStation'}, finalStation=Station{id=2, name='FinalStation'}, departureTime=02:00:00, arrivalTime=02:00:00, train=Train{number=101, seats=10, schedules=null}}] was not inserted. An exception occurs : null
2023-01-03 01:02:58 ERROR Route with ID : [1] was not removed. An exception occurs : null
2023-01-03 01:02:58 ERROR Route with ID : [1] was not found. An exception occurs : null
2023-01-03 01:02:58 ERROR Route with ID : [1] was not updated. An exception occurs : null
2023-01-03 01:02:58 ERROR Schedule : [com.railway.ticket.office.webapp.model.Schedule@5323023e] was not inserted. An exception occurs : null
2023-01-03 01:02:58 ERROR Schedule with ID : [1] was not removed. An exception occurs : null
2023-01-03 01:02:58 ERROR Schedule with Id : [1] was not found. An exception occurs : null
2023-01-03 01:02:58 ERROR Schedule with ID : [1] was not updated. An exception occurs : null
2023-01-03 01:02:58 ERROR Station : [Station{id=1, name='Test'}] was not inserted. An exception occurs : null
2023-01-03 01:02:58 ERROR Station with ID : [1] was not removed. An exception occurs : null
2023-01-03 01:02:58 ERROR Station with ID : [1] was not found. An exception occurs : null
2023-01-03 01:02:58 ERROR Station with name : [Test] was not found. An exception occurs : null
2023-01-03 01:02:58 ERROR Station with ID : [1] was not updated. An exception occurs : null
2023-01-03 01:02:58 ERROR Ticket : [com.railway.ticket.office.webapp.model.Ticket@6fe65150] was not inserted. An exception occurs : null
2023-01-03 01:02:58 ERROR Ticket with ID : [1] was not removed. An exception occurs : null
2023-01-03 01:02:58 ERROR Ticket with ID : [1] was not found. An exception occurs : null
2023-01-03 01:02:58 ERROR Ticket with ID : [1] was not updated. An exception occurs : null
2023-01-03 01:02:58 ERROR Train : [Train{number=100, seats=10, schedules=null}] was not inserted. An exception occurs : null
2023-01-03 01:02:58 ERROR Train with ID : [1] was not removed. An exception occurs : null
2023-01-03 01:02:58 ERROR Train with ID : [1] was not found. An exception occurs : null
2023-01-03 01:02:58 ERROR Trains were not found. An exception occurs : null
2023-01-03 01:02:58 ERROR Train with ID : [100] was not updated. An exception occurs : null
2023-01-03 01:02:58 ERROR User : [User{id=1, login='Test', firstName='FirstName', lastName='LastName', phone=3802211111}] wasn`t inserted. An exception occurs : null
2023-01-03 01:02:58 ERROR User with ID : [1] was not removed. An exception occurs : null
2023-01-03 01:02:58 ERROR User with ID : [1] was not found. An exception occurs : null
2023-01-03 01:02:58 ERROR Users were not found. An exception occurs : null
2023-01-03 01:02:58 ERROR User with ID : [1] was not updated. An exception occurs : null
2023-01-03 01:02:58 ERROR User with login : [Test] was not found. An exception occurs : null
2023-01-03 01:02:58 ERROR [RouteService] Can't operate null or < 1 input!
2023-01-03 01:02:58 ERROR [RouteService] Can't operate null or < 1 input!
2023-01-03 01:02:58 ERROR [RouteService] An exception occurs while receiving Route. (id: 1). Exc: null
2023-01-03 01:02:58 ERROR [RouteService] SQLException while saving Route (id: 1). Exc: null
2023-01-03 01:02:58 ERROR [RouteService] Can't create RouteService with null input RouteDAO
2023-01-03 01:02:58 ERROR [RouteService] An exception occurs while deleting Route. (id: 1). Exc: null
2023-01-03 01:02:58 ERROR [RouteService] Can't operate null or < 1 input!
2023-01-03 01:02:58 ERROR [RouteService] Can't operate null or < 1 input!
2023-01-03 01:02:58 ERROR [RouteService] Can't operate null or < 1 input!
2023-01-03 01:02:58 ERROR [RouteService] Can't operate null or < 1 input!
2023-01-03 01:02:58 ERROR [RouteService] An exception occurs while updating Route. (id: 1). Exc: null
2023-01-03 01:02:58 ERROR [RouteService] Can't operate null or < 1 input!
2023-01-03 01:02:58 ERROR [ScheduleService] Can't operate null input!
2023-01-03 01:02:58 ERROR [ScheduleService] Can't operate null input!
2023-01-03 01:02:58 ERROR [ScheduleService] An exception occurs while receiving Schedule. (id: 1). Exc: null
2023-01-03 01:02:58 ERROR [ScheduleService] SQLException while saving Schedule (id: 1). Exc: null
2023-01-03 01:02:58 ERROR [RouteService] Can't create RouteService with null input RouteDAO
2023-01-03 01:02:58 ERROR [ScheduleService] An exception occurs while deleting Schedule. (id: 1). Exc: null
2023-01-03 01:02:58 ERROR [ScheduleService] Can't operate null input!
2023-01-03 01:02:58 ERROR [ScheduleService] Can't operate null input!
2023-01-03 01:02:58 ERROR [ScheduleService] Can't operate null input!
2023-01-03 01:02:58 ERROR [ScheduleService] Can't operate null input!
2023-01-03 01:02:58 ERROR [ScheduleService] An exception occurs while updating Schedule. (id: 1). Exc: null
2023-01-03 01:02:58 ERROR [StationService] An exception occurs while receiving Station by name. (name: TestStation). Exc: null
2023-01-03 01:02:58 ERROR [StationService] Can't operate null input!
2023-01-03 01:02:58 ERROR [StationService] Can't operate null input!
2023-01-03 01:02:58 ERROR [StationService] An exception occurs while receiving Station. (id: 1). Exc: null
2023-01-03 01:02:58 ERROR [StationService] SQLException while saving Station (id: 1). Exc: null
2023-01-03 01:02:58 ERROR [RouteService] Can't create RouteService with null input RouteDAO
2023-01-03 01:02:58 ERROR [StationService] An exception occurs while deleting Station. (id: 1). Exc: null
2023-01-03 01:02:58 ERROR [StationService] Can't operate null input!
2023-01-03 01:02:58 ERROR [StationService] Can't operate null input!
2023-01-03 01:02:58 ERROR [StationService] Can't operate null input!
2023-01-03 01:02:58 ERROR [StationService] Can't operate null input!
2023-01-03 01:02:58 ERROR [StationService] Can't operate null input!
2023-01-03 01:02:58 ERROR [StationService] Can't operate null input!
2023-01-03 01:02:58 ERROR [StationService] An exception occurs while updating Schedule. (id: 1). Exc: null
2023-01-03 01:02:58 ERROR [TicketService] Can't operate null input!
2023-01-03 01:02:58 ERROR [TicketService] Can't operate null input!
2023-01-03 01:02:58 ERROR [TicketService] An exception occurs while receiving Ticket. (id: 1). Exc: null
2023-01-03 01:02:58 ERROR [TicketService] SQLException while saving Schedule (id: 1). Exc: null
2023-01-03 01:02:58 ERROR [TicketService] Can't create TicketService with null input TicketDAO
2023-01-03 01:02:58 ERROR [TicketService] An exception occurs while deleting Ticket. (id: 1). Exc: null
2023-01-03 01:02:58 ERROR [TicketService] Can't operate null input!
2023-01-03 01:02:58 ERROR [TicketService] Can't operate null input!
2023-01-03 01:02:58 ERROR [TicketService] Can't operate null input!
2023-01-03 01:02:58 ERROR [TicketService] Can't operate null input!
2023-01-03 01:02:58 ERROR [TicketService] An exception occurs while updating Ticket. (id: 1). Exc: null
2023-01-03 01:02:58 ERROR [TrainService] Can't operate null input!
2023-01-03 01:02:58 ERROR [TrainService] An exception occurs while receiving train. (number: 1). Exc: null
2023-01-03 01:02:58 ERROR [TrainService] SQLException while saving Train (number: 100). Exc: null
2023-01-03 01:02:58 ERROR [TrainService] Can't create TrainService with null input TrainDAO
2023-01-03 01:02:58 ERROR [TrainService] Can't operate null input!
2023-01-03 01:02:58 ERROR [TrainService] An exception occurs while deleting Train. (number: 1). Exc: null
2023-01-03 01:02:58 ERROR [TrainService] Can't operate null input!
2023-01-03 01:02:58 ERROR [TrainService] Can't operate null input!
2023-01-03 01:02:58 ERROR [TrainService] Can't operate null input!
2023-01-03 01:02:58 ERROR [TrainService] Can't operate null input!
2023-01-03 01:02:58 ERROR [TrainService] An exception occurs while updating Train. (number: 100). Exc: null
2023-01-03 01:02:59 ERROR [UserService] Can't operate null input!
2023-01-03 01:02:59 ERROR [UserService] Can't operate null input!
2023-01-03 01:02:59 ERROR [UserService] An exception occurs while receiving User. (id: 1). Exc: null
2023-01-03 01:02:59 ERROR [UserService] SQLException while saving User (login: Test). Exc: null
2023-01-03 01:02:59 ERROR [RouteService] Can't create RouteService with null input RouteDAO
2023-01-03 01:02:59 ERROR [UserService] An exception occurs while deleting User. (id: 1). Exc: null
2023-01-03 01:02:59 ERROR [UserService] Can't operate null input!
2023-01-03 01:02:59 ERROR [UserService] Can't operate null input!
2023-01-03 01:02:59 ERROR [UserService] Can't operate null input!
2023-01-03 01:02:59 ERROR [UserService] Can't operate null input!
2023-01-03 01:02:59 ERROR [UserService] An exception occurs while updating User. (id: 1). Exc: null
